{"D:\\dev\\crypto-tracker-backend\\src\\config\\DbConfig.ts": {"path":"D:\\dev\\crypto-tracker-backend\\src\\config\\DbConfig.ts","statementMap":{"0":{"start":{"line":3,"column":0},"end":{"line":3,"column":null}},"1":{"start":{"line":4,"column":2},"end":{"line":4,"column":null}},"2":{"start":{"line":5,"column":2},"end":{"line":5,"column":null}},"3":{"start":{"line":8,"column":0},"end":{"line":8,"column":null}},"4":{"start":{"line":9,"column":2},"end":{"line":9,"column":null}}},"fnMap":{"0":{"name":"(anonymous_0)","decl":{"start":{"line":3,"column":0},"end":{"line":3,"column":12}},"loc":{"start":{"line":3,"column":27},"end":{"line":6,"column":1}}},"1":{"name":"(anonymous_1)","decl":{"start":{"line":8,"column":0},"end":{"line":8,"column":12}},"loc":{"start":{"line":8,"column":25},"end":{"line":10,"column":1}}}},"branchMap":{"0":{"loc":{"start":{"line":3,"column":12},"end":{"line":3,"column":27}},"type":"binary-expr","locations":[{"start":{"line":3,"column":12},"end":{"line":3,"column":27}},{"start":{"line":3,"column":12},"end":{"line":3,"column":null}}]},"1":{"loc":{"start":{"line":8,"column":12},"end":{"line":8,"column":25}},"type":"binary-expr","locations":[{"start":{"line":8,"column":12},"end":{"line":8,"column":25}},{"start":{"line":8,"column":12},"end":{"line":8,"column":null}}]}},"s":{"0":6,"1":6,"2":6,"3":6,"4":6},"f":{"0":6,"1":6},"b":{"0":[6,6],"1":[6,6]}}
,"D:\\dev\\crypto-tracker-backend\\src\\config\\RedisConfig.ts": {"path":"D:\\dev\\crypto-tracker-backend\\src\\config\\RedisConfig.ts","statementMap":{"0":{"start":{"line":1,"column":0},"end":{"line":1,"column":null}},"1":{"start":{"line":2,"column":2},"end":{"line":2,"column":null}},"2":{"start":{"line":3,"column":2},"end":{"line":3,"column":null}},"3":{"start":{"line":4,"column":2},"end":{"line":4,"column":null}}},"fnMap":{"0":{"name":"(anonymous_0)","decl":{"start":{"line":1,"column":0},"end":{"line":1,"column":12}},"loc":{"start":{"line":1,"column":23},"end":{"line":5,"column":1}}}},"branchMap":{"0":{"loc":{"start":{"line":1,"column":12},"end":{"line":1,"column":23}},"type":"binary-expr","locations":[{"start":{"line":1,"column":12},"end":{"line":1,"column":23}},{"start":{"line":1,"column":12},"end":{"line":1,"column":null}}]}},"s":{"0":2,"1":2,"2":2,"3":2},"f":{"0":2},"b":{"0":[2,2]}}
,"D:\\dev\\crypto-tracker-backend\\src\\config\\coinIDsConfig.ts": {"path":"D:\\dev\\crypto-tracker-backend\\src\\config\\coinIDsConfig.ts","statementMap":{"0":{"start":{"line":1,"column":13},"end":{"line":6057,"column":2}}},"fnMap":{},"branchMap":{},"s":{"0":1},"f":{},"b":{}}
,"D:\\dev\\crypto-tracker-backend\\src\\models\\Key.ts": {"path":"D:\\dev\\crypto-tracker-backend\\src\\models\\Key.ts","statementMap":{"0":{"start":{"line":1,"column":0},"end":{"line":1,"column":56}},"1":{"start":{"line":2,"column":0},"end":{"line":2,"column":53}},"2":{"start":{"line":3,"column":0},"end":{"line":3,"column":48}},"3":{"start":{"line":5,"column":13},"end":{"line":7,"column":3}}},"fnMap":{},"branchMap":{},"s":{"0":6,"1":6,"2":6,"3":6},"f":{},"b":{}}
,"D:\\dev\\crypto-tracker-backend\\src\\modules\\apiKey\\APIKey.ts": {"path":"D:\\dev\\crypto-tracker-backend\\src\\modules\\apiKey\\APIKey.ts","statementMap":{"0":{"start":{"line":1,"column":0},"end":{"line":1,"column":74}},"1":{"start":{"line":2,"column":0},"end":{"line":2,"column":46}},"2":{"start":{"line":4,"column":0},"end":{"line":4,"column":49}},"3":{"start":{"line":5,"column":0},"end":{"line":5,"column":60}},"4":{"start":{"line":8,"column":0},"end":{"line":19,"column":null}},"5":{"start":{"line":12,"column":4},"end":{"line":12,"column":23}},"6":{"start":{"line":17,"column":4},"end":{"line":17,"column":30}},"7":{"start":{"line":11,"column":2},"end":{"line":13,"column":null}},"8":{"start":{"line":9,"column":15},"end":{"line":9,"column":21}},"9":{"start":{"line":16,"column":2},"end":{"line":18,"column":null}},"10":{"start":{"line":15,"column":18},"end":{"line":15,"column":24}},"11":{"start":{"line":8,"column":13},"end":{"line":19,"column":null}},"12":{"start":{"line":8,"column":13},"end":{"line":8,"column":27}}},"fnMap":{"0":{"name":"(anonymous_4)","decl":{"start":{"line":11,"column":2},"end":{"line":11,"column":7}},"loc":{"start":{"line":11,"column":37},"end":{"line":13,"column":3}}},"1":{"name":"(anonymous_5)","decl":{"start":{"line":16,"column":2},"end":{"line":16,"column":7}},"loc":{"start":{"line":16,"column":41},"end":{"line":18,"column":3}}},"2":{"name":"(anonymous_6)","decl":{"start":{"line":9,"column":9},"end":{"line":9,"column":12}},"loc":{"start":{"line":9,"column":15},"end":{"line":9,"column":21}}},"3":{"name":"(anonymous_7)","decl":{"start":{"line":15,"column":12},"end":{"line":15,"column":15}},"loc":{"start":{"line":15,"column":18},"end":{"line":15,"column":24}}}},"branchMap":{},"s":{"0":2,"1":2,"2":2,"3":2,"4":2,"5":8,"6":2,"7":2,"8":8,"9":2,"10":8,"11":2,"12":2},"f":{"0":8,"1":2,"2":8,"3":8},"b":{}}
,"D:\\dev\\crypto-tracker-backend\\src\\modules\\apiKey\\controllers\\getAPIKey.ts": {"path":"D:\\dev\\crypto-tracker-backend\\src\\modules\\apiKey\\controllers\\getAPIKey.ts","statementMap":{"0":{"start":{"line":1,"column":0},"end":{"line":1,"column":52}},"1":{"start":{"line":3,"column":0},"end":{"line":3,"column":47}},"2":{"start":{"line":5,"column":0},"end":{"line":5,"column":63}},"3":{"start":{"line":7,"column":0},"end":{"line":7,"column":68}},"4":{"start":{"line":9,"column":13},"end":{"line":27,"column":2}},"5":{"start":{"line":10,"column":17},"end":{"line":10,"column":36}},"6":{"start":{"line":12,"column":2},"end":{"line":26,"column":null}},"7":{"start":{"line":13,"column":17},"end":{"line":13,"column":51}},"8":{"start":{"line":15,"column":4},"end":{"line":19,"column":null}},"9":{"start":{"line":16,"column":56},"end":{"line":16,"column":75}},"10":{"start":{"line":17,"column":6},"end":{"line":17,"column":83}},"11":{"start":{"line":18,"column":6},"end":{"line":18,"column":32}},"12":{"start":{"line":21,"column":16},"end":{"line":21,"column":58}},"13":{"start":{"line":22,"column":22},"end":{"line":22,"column":38}},"14":{"start":{"line":23,"column":4},"end":{"line":23,"column":30}},"15":{"start":{"line":25,"column":4},"end":{"line":25,"column":58}}},"fnMap":{"0":{"name":"(anonymous_0)","decl":{"start":{"line":9,"column":22},"end":{"line":9,"column":27}},"loc":{"start":{"line":9,"column":62},"end":{"line":27,"column":1}}}},"branchMap":{"0":{"loc":{"start":{"line":15,"column":4},"end":{"line":19,"column":null}},"type":"if","locations":[{"start":{"line":15,"column":4},"end":{"line":19,"column":null}},{"start":{"line":15,"column":4},"end":{"line":19,"column":null}}]}},"s":{"0":4,"1":4,"2":4,"3":4,"4":4,"5":14,"6":14,"7":14,"8":14,"9":7,"10":7,"11":7,"12":7,"13":7,"14":7,"15":0},"f":{"0":14},"b":{"0":[7,7]}}
,"D:\\dev\\crypto-tracker-backend\\src\\modules\\apiKey\\controllers\\refreshAPIKey.ts": {"path":"D:\\dev\\crypto-tracker-backend\\src\\modules\\apiKey\\controllers\\refreshAPIKey.ts","statementMap":{"0":{"start":{"line":1,"column":0},"end":{"line":1,"column":52}},"1":{"start":{"line":2,"column":0},"end":{"line":2,"column":47}},"2":{"start":{"line":4,"column":0},"end":{"line":4,"column":63}},"3":{"start":{"line":6,"column":0},"end":{"line":6,"column":56}},"4":{"start":{"line":8,"column":13},"end":{"line":32,"column":2}},"5":{"start":{"line":9,"column":17},"end":{"line":9,"column":36}},"6":{"start":{"line":11,"column":2},"end":{"line":31,"column":null}},"7":{"start":{"line":12,"column":19},"end":{"line":12,"column":53}},"8":{"start":{"line":14,"column":4},"end":{"line":16,"column":null}},"9":{"start":{"line":15,"column":6},"end":{"line":15,"column":89}},"10":{"start":{"line":18,"column":4},"end":{"line":18,"column":26}},"11":{"start":{"line":20,"column":54},"end":{"line":20,"column":73}},"12":{"start":{"line":22,"column":4},"end":{"line":26,"column":null}},"13":{"start":{"line":23,"column":6},"end":{"line":23,"column":74}},"14":{"start":{"line":25,"column":6},"end":{"line":25,"column":53}},"15":{"start":{"line":28,"column":4},"end":{"line":28,"column":30}},"16":{"start":{"line":30,"column":4},"end":{"line":30,"column":51}}},"fnMap":{"0":{"name":"(anonymous_0)","decl":{"start":{"line":8,"column":29},"end":{"line":8,"column":34}},"loc":{"start":{"line":8,"column":69},"end":{"line":32,"column":1}}}},"branchMap":{"0":{"loc":{"start":{"line":14,"column":4},"end":{"line":16,"column":null}},"type":"if","locations":[{"start":{"line":14,"column":4},"end":{"line":16,"column":null}},{"start":{"line":14,"column":4},"end":{"line":16,"column":null}}]}},"s":{"0":3,"1":3,"2":3,"3":3,"4":3,"5":4,"6":4,"7":4,"8":4,"9":2,"10":2,"11":2,"12":2,"13":2,"14":0,"15":2,"16":2},"f":{"0":4},"b":{"0":[2,2]}}
,"D:\\dev\\crypto-tracker-backend\\src\\modules\\apiKey\\controllers\\helpers\\keyFunctions.ts": {"path":"D:\\dev\\crypto-tracker-backend\\src\\modules\\apiKey\\controllers\\helpers\\keyFunctions.ts","statementMap":{"0":{"start":{"line":1,"column":0},"end":{"line":1,"column":52}},"1":{"start":{"line":2,"column":0},"end":{"line":2,"column":26}},"2":{"start":{"line":3,"column":0},"end":{"line":3,"column":83}},"3":{"start":{"line":4,"column":0},"end":{"line":4,"column":32}},"4":{"start":{"line":6,"column":0},"end":{"line":6,"column":66}},"5":{"start":{"line":9,"column":0},"end":{"line":9,"column":9}},"6":{"start":{"line":19,"column":13},"end":{"line":38,"column":2}},"7":{"start":{"line":20,"column":15},"end":{"line":20,"column":34}},"8":{"start":{"line":21,"column":23},"end":{"line":21,"column":42}},"9":{"start":{"line":22,"column":20},"end":{"line":24,"column":18}},"10":{"start":{"line":26,"column":14},"end":{"line":26,"column":18}},"11":{"start":{"line":27,"column":14},"end":{"line":27,"column":35}},"12":{"start":{"line":29,"column":20},"end":{"line":29,"column":33}},"13":{"start":{"line":30,"column":13},"end":{"line":30,"column":28}},"14":{"start":{"line":32,"column":17},"end":{"line":32,"column":95}},"15":{"start":{"line":34,"column":21},"end":{"line":34,"column":54}},"16":{"start":{"line":35,"column":2},"end":{"line":35,"column":38}},"17":{"start":{"line":37,"column":2},"end":{"line":37,"column":60}},"18":{"start":{"line":40,"column":13},"end":{"line":50,"column":2}},"19":{"start":{"line":41,"column":17},"end":{"line":41,"column":38}},"20":{"start":{"line":42,"column":20},"end":{"line":42,"column":30}},"21":{"start":{"line":43,"column":2},"end":{"line":49,"column":null}},"22":{"start":{"line":44,"column":43},"end":{"line":44,"column":68}},"23":{"start":{"line":46,"column":4},"end":{"line":46,"column":53}},"24":{"start":{"line":48,"column":4},"end":{"line":48,"column":58}},"25":{"start":{"line":52,"column":13},"end":{"line":62,"column":2}},"26":{"start":{"line":53,"column":19},"end":{"line":56,"column":null}},"27":{"start":{"line":58,"column":15},"end":{"line":58,"column":59}},"28":{"start":{"line":59,"column":2},"end":{"line":59,"column":35}},"29":{"start":{"line":61,"column":2},"end":{"line":61,"column":16}}},"fnMap":{"0":{"name":"(anonymous_0)","decl":{"start":{"line":19,"column":22},"end":{"line":19,"column":23}},"loc":{"start":{"line":19,"column":82},"end":{"line":38,"column":1}}},"1":{"name":"(anonymous_1)","decl":{"start":{"line":40,"column":30},"end":{"line":40,"column":31}},"loc":{"start":{"line":40,"column":54},"end":{"line":50,"column":1}}},"2":{"name":"(anonymous_2)","decl":{"start":{"line":52,"column":26},"end":{"line":52,"column":27}},"loc":{"start":{"line":52,"column":71},"end":{"line":62,"column":1}}}},"branchMap":{},"s":{"0":7,"1":7,"2":7,"3":7,"4":7,"5":7,"6":7,"7":14,"8":14,"9":14,"10":14,"11":14,"12":14,"13":14,"14":14,"15":14,"16":14,"17":14,"18":7,"19":12,"20":12,"21":12,"22":12,"23":12,"24":0,"25":7,"26":15,"27":15,"28":15,"29":15},"f":{"0":14,"1":12,"2":15},"b":{}}
,"D:\\dev\\crypto-tracker-backend\\src\\modules\\apiKey\\middleware\\checkAPIKey.ts": {"path":"D:\\dev\\crypto-tracker-backend\\src\\modules\\apiKey\\middleware\\checkAPIKey.ts","statementMap":{"0":{"start":{"line":1,"column":0},"end":{"line":1,"column":52}},"1":{"start":{"line":5,"column":0},"end":{"line":5,"column":47}},"2":{"start":{"line":6,"column":0},"end":{"line":6,"column":65}},"3":{"start":{"line":8,"column":13},"end":{"line":18,"column":2}},"4":{"start":{"line":9,"column":14},"end":{"line":9,"column":31}},"5":{"start":{"line":11,"column":17},"end":{"line":11,"column":48}},"6":{"start":{"line":13,"column":2},"end":{"line":13,"column":72}},"7":{"start":{"line":13,"column":15},"end":{"line":13,"column":72}},"8":{"start":{"line":15,"column":23},"end":{"line":15,"column":65}},"9":{"start":{"line":17,"column":2},"end":{"line":17,"column":91}},"10":{"start":{"line":17,"column":28},"end":{"line":17,"column":91}},"11":{"start":{"line":20,"column":13},"end":{"line":28,"column":2}},"12":{"start":{"line":20,"column":62},"end":{"line":28,"column":1}},"13":{"start":{"line":21,"column":18},"end":{"line":21,"column":25}},"14":{"start":{"line":23,"column":2},"end":{"line":25,"column":null}},"15":{"start":{"line":24,"column":4},"end":{"line":24,"column":18}},"16":{"start":{"line":26,"column":2},"end":{"line":26,"column":25}},"17":{"start":{"line":27,"column":2},"end":{"line":27,"column":16}}},"fnMap":{"0":{"name":"(anonymous_0)","decl":{"start":{"line":8,"column":27},"end":{"line":8,"column":32}},"loc":{"start":{"line":8,"column":72},"end":{"line":18,"column":1}}},"1":{"name":"(anonymous_1)","decl":{"start":{"line":20,"column":56},"end":{"line":20,"column":59}},"loc":{"start":{"line":20,"column":62},"end":{"line":28,"column":1}}},"2":{"name":"(anonymous_2)","decl":{"start":{"line":20,"column":62},"end":{"line":20,"column":67}},"loc":{"start":{"line":20,"column":90},"end":{"line":28,"column":1}}}},"branchMap":{"0":{"loc":{"start":{"line":13,"column":2},"end":{"line":13,"column":72}},"type":"if","locations":[{"start":{"line":13,"column":2},"end":{"line":13,"column":72}},{"start":{"line":13,"column":2},"end":{"line":13,"column":72}}]},"1":{"loc":{"start":{"line":17,"column":2},"end":{"line":17,"column":91}},"type":"if","locations":[{"start":{"line":17,"column":2},"end":{"line":17,"column":91}},{"start":{"line":17,"column":2},"end":{"line":17,"column":91}}]},"2":{"loc":{"start":{"line":23,"column":2},"end":{"line":25,"column":null}},"type":"if","locations":[{"start":{"line":23,"column":2},"end":{"line":25,"column":null}},{"start":{"line":23,"column":2},"end":{"line":25,"column":null}}]}},"s":{"0":3,"1":3,"2":3,"3":3,"4":8,"5":8,"6":8,"7":1,"8":7,"9":7,"10":1,"11":3,"12":5,"13":6,"14":6,"15":1,"16":5,"17":3},"f":{"0":8,"1":5,"2":6},"b":{"0":[1,7],"1":[1,6],"2":[1,5]}}
,"D:\\dev\\crypto-tracker-backend\\src\\modules\\auth\\jwt\\getTokenUserID.ts": {"path":"D:\\dev\\crypto-tracker-backend\\src\\modules\\auth\\jwt\\getTokenUserID.ts","statementMap":{"0":{"start":{"line":1,"column":0},"end":{"line":1,"column":38}},"1":{"start":{"line":6,"column":13},"end":{"line":10,"column":2}},"2":{"start":{"line":7,"column":18},"end":{"line":7,"column":46}},"3":{"start":{"line":9,"column":2},"end":{"line":9,"column":14}}},"fnMap":{"0":{"name":"(anonymous_0)","decl":{"start":{"line":6,"column":30},"end":{"line":6,"column":31}},"loc":{"start":{"line":6,"column":61},"end":{"line":10,"column":1}}}},"branchMap":{},"s":{"0":7,"1":7,"2":21,"3":21},"f":{"0":21},"b":{}}
,"D:\\dev\\crypto-tracker-backend\\src\\modules\\auth\\middleware\\authChecker.ts": {"path":"D:\\dev\\crypto-tracker-backend\\src\\modules\\auth\\middleware\\authChecker.ts","statementMap":{"0":{"start":{"line":2,"column":0},"end":{"line":2,"column":31}},"1":{"start":{"line":3,"column":0},"end":{"line":3,"column":54}},"2":{"start":{"line":4,"column":0},"end":{"line":4,"column":52}},"3":{"start":{"line":26,"column":13},"end":{"line":70,"column":2}},"4":{"start":{"line":27,"column":2},"end":{"line":27,"column":27}},"5":{"start":{"line":27,"column":14},"end":{"line":27,"column":27}},"6":{"start":{"line":28,"column":17},"end":{"line":33,"column":4}},"7":{"start":{"line":35,"column":18},"end":{"line":35,"column":51}},"8":{"start":{"line":37,"column":21},"end":{"line":37,"column":40}},"9":{"start":{"line":39,"column":2},"end":{"line":69,"column":null}},"10":{"start":{"line":40,"column":25},"end":{"line":53,"column":null}},"11":{"start":{"line":47,"column":6},"end":{"line":53,"column":8}},"12":{"start":{"line":48,"column":8},"end":{"line":50,"column":null}},"13":{"start":{"line":49,"column":10},"end":{"line":49,"column":87}},"14":{"start":{"line":51,"column":28},"end":{"line":51,"column":76}},"15":{"start":{"line":52,"column":8},"end":{"line":52,"column":25}},"16":{"start":{"line":56,"column":30},"end":{"line":56,"column":42}},"17":{"start":{"line":58,"column":4},"end":{"line":64,"column":null}},"18":{"start":{"line":63,"column":6},"end":{"line":63,"column":19}},"19":{"start":{"line":66,"column":4},"end":{"line":66,"column":16}},"20":{"start":{"line":68,"column":4},"end":{"line":68,"column":17}}},"fnMap":{"0":{"name":"(anonymous_1)","decl":{"start":{"line":26,"column":55},"end":{"line":26,"column":60}},"loc":{"start":{"line":26,"column":93},"end":{"line":70,"column":1}}},"1":{"name":"(anonymous_2)","decl":{"start":{"line":40,"column":55},"end":{"line":40,"column":56}},"loc":{"start":{"line":47,"column":6},"end":{"line":53,"column":8}}},"2":{"name":"(anonymous_3)","decl":{"start":{"line":47,"column":21},"end":{"line":47,"column":22}},"loc":{"start":{"line":47,"column":40},"end":{"line":53,"column":7}}}},"branchMap":{"0":{"loc":{"start":{"line":27,"column":2},"end":{"line":27,"column":27}},"type":"if","locations":[{"start":{"line":27,"column":2},"end":{"line":27,"column":27}},{"start":{"line":27,"column":2},"end":{"line":27,"column":27}}]},"1":{"loc":{"start":{"line":48,"column":8},"end":{"line":50,"column":null}},"type":"if","locations":[{"start":{"line":48,"column":8},"end":{"line":50,"column":null}},{"start":{"line":48,"column":8},"end":{"line":50,"column":null}}]},"2":{"loc":{"start":{"line":48,"column":12},"end":{"line":48,"column":15}},"type":"binary-expr","locations":[{"start":{"line":48,"column":12},"end":{"line":48,"column":15}},{"start":{"line":48,"column":19},"end":{"line":48,"column":29}}]},"3":{"loc":{"start":{"line":49,"column":30},"end":{"line":49,"column":33}},"type":"cond-expr","locations":[{"start":{"line":49,"column":30},"end":{"line":49,"column":33}},{"start":{"line":49,"column":37},"end":{"line":49,"column":59}}]},"4":{"loc":{"start":{"line":49,"column":30},"end":{"line":49,"column":37}},"type":"binary-expr","locations":[{"start":{"line":49,"column":30},"end":{"line":49,"column":37}},{"start":{"line":49,"column":30},"end":{"line":49,"column":37}}]},"5":{"loc":{"start":{"line":58,"column":4},"end":{"line":64,"column":null}},"type":"if","locations":[{"start":{"line":58,"column":4},"end":{"line":64,"column":null}},{"start":{"line":58,"column":4},"end":{"line":64,"column":null}}]},"6":{"loc":{"start":{"line":59,"column":6},"end":{"line":59,"column":55}},"type":"binary-expr","locations":[{"start":{"line":59,"column":6},"end":{"line":59,"column":55}},{"start":{"line":60,"column":6},"end":{"line":60,"column":85}},{"start":{"line":61,"column":6},"end":{"line":61,"column":80}}]},"7":{"loc":{"start":{"line":60,"column":8},"end":{"line":60,"column":46}},"type":"binary-expr","locations":[{"start":{"line":60,"column":8},"end":{"line":60,"column":46}},{"start":{"line":60,"column":50},"end":{"line":60,"column":84}}]},"8":{"loc":{"start":{"line":61,"column":8},"end":{"line":61,"column":43}},"type":"binary-expr","locations":[{"start":{"line":61,"column":8},"end":{"line":61,"column":43}},{"start":{"line":61,"column":47},"end":{"line":61,"column":79}}]}},"s":{"0":3,"1":3,"2":3,"3":3,"4":11,"5":1,"6":10,"7":10,"8":10,"9":10,"10":10,"11":10,"12":10,"13":2,"14":10,"15":8,"16":8,"17":8,"18":0,"19":8,"20":2},"f":{"0":11,"1":10,"2":10},"b":{"0":[1,10],"1":[2,8],"2":[10,10],"3":[0,2],"4":[2,0],"5":[0,8],"6":[8,8,8],"7":[8,8],"8":[8,8]}}
,"D:\\dev\\crypto-tracker-backend\\src\\modules\\auth\\middleware\\rateLimit.ts": {"path":"D:\\dev\\crypto-tracker-backend\\src\\modules\\auth\\middleware\\rateLimit.ts","statementMap":{"0":{"start":{"line":3,"column":0},"end":{"line":3,"column":52}},"1":{"start":{"line":5,"column":0},"end":{"line":5,"column":66}},"2":{"start":{"line":7,"column":0},"end":{"line":7,"column":50}},"3":{"start":{"line":8,"column":0},"end":{"line":8,"column":58}},"4":{"start":{"line":10,"column":13},"end":{"line":25,"column":2}},"5":{"start":{"line":10,"column":82},"end":{"line":25,"column":1}},"6":{"start":{"line":14,"column":2},"end":{"line":22,"column":null}},"7":{"start":{"line":15,"column":20},"end":{"line":15,"column":45}},"8":{"start":{"line":17,"column":4},"end":{"line":21,"column":null}},"9":{"start":{"line":18,"column":6},"end":{"line":18,"column":57}},"10":{"start":{"line":19,"column":11},"end":{"line":21,"column":null}},"11":{"start":{"line":20,"column":6},"end":{"line":20,"column":55}},"12":{"start":{"line":24,"column":2},"end":{"line":24,"column":16}},"13":{"start":{"line":27,"column":13},"end":{"line":49,"column":2}},"14":{"start":{"line":27,"column":81},"end":{"line":49,"column":1}},"15":{"start":{"line":31,"column":2},"end":{"line":37,"column":null}},"16":{"start":{"line":33,"column":4},"end":{"line":33,"column":15}},"17":{"start":{"line":34,"column":4},"end":{"line":34,"column":18}},"18":{"start":{"line":36,"column":4},"end":{"line":36,"column":27}},"19":{"start":{"line":39,"column":23},"end":{"line":39,"column":44}},"20":{"start":{"line":40,"column":18},"end":{"line":40,"column":48}},"21":{"start":{"line":42,"column":2},"end":{"line":46,"column":null}},"22":{"start":{"line":43,"column":4},"end":{"line":43,"column":55}},"23":{"start":{"line":44,"column":9},"end":{"line":46,"column":null}},"24":{"start":{"line":45,"column":4},"end":{"line":45,"column":49}},"25":{"start":{"line":48,"column":2},"end":{"line":48,"column":16}}},"fnMap":{"0":{"name":"(anonymous_0)","decl":{"start":{"line":10,"column":71},"end":{"line":10,"column":72}},"loc":{"start":{"line":10,"column":82},"end":{"line":25,"column":1}}},"1":{"name":"(anonymous_1)","decl":{"start":{"line":10,"column":82},"end":{"line":10,"column":87}},"loc":{"start":{"line":13,"column":4},"end":{"line":25,"column":1}}},"2":{"name":"(anonymous_2)","decl":{"start":{"line":27,"column":70},"end":{"line":27,"column":71}},"loc":{"start":{"line":27,"column":81},"end":{"line":49,"column":1}}},"3":{"name":"(anonymous_3)","decl":{"start":{"line":27,"column":81},"end":{"line":27,"column":86}},"loc":{"start":{"line":30,"column":4},"end":{"line":49,"column":1}}}},"branchMap":{"0":{"loc":{"start":{"line":14,"column":2},"end":{"line":22,"column":null}},"type":"if","locations":[{"start":{"line":14,"column":2},"end":{"line":22,"column":null}},{"start":{"line":14,"column":2},"end":{"line":22,"column":null}}]},"1":{"loc":{"start":{"line":17,"column":4},"end":{"line":21,"column":null}},"type":"if","locations":[{"start":{"line":17,"column":4},"end":{"line":21,"column":null}},{"start":{"line":17,"column":4},"end":{"line":21,"column":null}}]},"2":{"loc":{"start":{"line":19,"column":11},"end":{"line":21,"column":null}},"type":"if","locations":[{"start":{"line":19,"column":11},"end":{"line":21,"column":null}},{"start":{"line":19,"column":11},"end":{"line":21,"column":null}}]},"3":{"loc":{"start":{"line":31,"column":2},"end":{"line":37,"column":null}},"type":"if","locations":[{"start":{"line":31,"column":2},"end":{"line":37,"column":null}},{"start":{"line":31,"column":2},"end":{"line":37,"column":null}}]},"4":{"loc":{"start":{"line":42,"column":2},"end":{"line":46,"column":null}},"type":"if","locations":[{"start":{"line":42,"column":2},"end":{"line":46,"column":null}},{"start":{"line":42,"column":2},"end":{"line":46,"column":null}}]},"5":{"loc":{"start":{"line":44,"column":9},"end":{"line":46,"column":null}},"type":"if","locations":[{"start":{"line":44,"column":9},"end":{"line":46,"column":null}},{"start":{"line":44,"column":9},"end":{"line":46,"column":null}}]}},"s":{"0":2,"1":2,"2":2,"3":2,"4":2,"5":3,"6":6,"7":2,"8":2,"9":1,"10":1,"11":1,"12":5,"13":2,"14":1,"15":4,"16":1,"17":1,"18":3,"19":4,"20":4,"21":4,"22":2,"23":2,"24":1,"25":2},"f":{"0":3,"1":6,"2":1,"3":4},"b":{"0":[2,4],"1":[1,1],"2":[1,0],"3":[1,3],"4":[2,2],"5":[1,1]}}
,"D:\\dev\\crypto-tracker-backend\\src\\modules\\prices\\prices.ts": {"path":"D:\\dev\\crypto-tracker-backend\\src\\modules\\prices\\prices.ts","statementMap":{"0":{"start":{"line":1,"column":0},"end":{"line":1,"column":92}},"1":{"start":{"line":2,"column":0},"end":{"line":2,"column":56}},"2":{"start":{"line":3,"column":0},"end":{"line":3,"column":58}},"3":{"start":{"line":4,"column":0},"end":{"line":4,"column":63}},"4":{"start":{"line":5,"column":0},"end":{"line":5,"column":75}},"5":{"start":{"line":6,"column":0},"end":{"line":6,"column":60}},"6":{"start":{"line":7,"column":0},"end":{"line":7,"column":56}},"7":{"start":{"line":8,"column":0},"end":{"line":8,"column":46}},"8":{"start":{"line":11,"column":0},"end":{"line":40,"column":null}},"9":{"start":{"line":20,"column":4},"end":{"line":22,"column":null}},"10":{"start":{"line":21,"column":6},"end":{"line":21,"column":80}},"11":{"start":{"line":21,"column":43},"end":{"line":21,"column":78}},"12":{"start":{"line":23,"column":4},"end":{"line":23,"column":24}},"13":{"start":{"line":29,"column":4},"end":{"line":29,"column":34}},"14":{"start":{"line":38,"column":4},"end":{"line":38,"column":30}},"15":{"start":{"line":16,"column":2},"end":{"line":24,"column":null}},"16":{"start":{"line":12,"column":22},"end":{"line":12,"column":36}},"17":{"start":{"line":28,"column":2},"end":{"line":30,"column":null}},"18":{"start":{"line":26,"column":15},"end":{"line":26,"column":29}},"19":{"start":{"line":35,"column":2},"end":{"line":39,"column":null}},"20":{"start":{"line":32,"column":15},"end":{"line":32,"column":28}},"21":{"start":{"line":36,"column":24},"end":{"line":36,"column":27}},"22":{"start":{"line":11,"column":13},"end":{"line":40,"column":null}},"23":{"start":{"line":11,"column":13},"end":{"line":11,"column":26}}},"fnMap":{"0":{"name":"(anonymous_4)","decl":{"start":{"line":16,"column":2},"end":{"line":16,"column":14}},"loc":{"start":{"line":18,"column":55},"end":{"line":24,"column":3}}},"1":{"name":"(anonymous_5)","decl":{"start":{"line":21,"column":33},"end":{"line":21,"column":34}},"loc":{"start":{"line":21,"column":43},"end":{"line":21,"column":78}}},"2":{"name":"(anonymous_6)","decl":{"start":{"line":28,"column":2},"end":{"line":28,"column":7}},"loc":{"start":{"line":28,"column":55},"end":{"line":30,"column":3}}},"3":{"name":"(anonymous_7)","decl":{"start":{"line":35,"column":2},"end":{"line":35,"column":7}},"loc":{"start":{"line":36,"column":65},"end":{"line":39,"column":3}}},"4":{"name":"(anonymous_8)","decl":{"start":{"line":12,"column":16},"end":{"line":12,"column":19}},"loc":{"start":{"line":12,"column":22},"end":{"line":12,"column":36}}},"5":{"name":"(anonymous_9)","decl":{"start":{"line":26,"column":9},"end":{"line":26,"column":12}},"loc":{"start":{"line":26,"column":15},"end":{"line":26,"column":29}}},"6":{"name":"(anonymous_10)","decl":{"start":{"line":32,"column":9},"end":{"line":32,"column":12}},"loc":{"start":{"line":32,"column":15},"end":{"line":32,"column":28}}},"7":{"name":"(anonymous_11)","decl":{"start":{"line":36,"column":18},"end":{"line":36,"column":21}},"loc":{"start":{"line":36,"column":24},"end":{"line":36,"column":27}}}},"branchMap":{"0":{"loc":{"start":{"line":20,"column":4},"end":{"line":22,"column":null}},"type":"if","locations":[{"start":{"line":20,"column":4},"end":{"line":22,"column":null}},{"start":{"line":20,"column":4},"end":{"line":22,"column":null}}]},"1":{"loc":{"start":{"line":20,"column":8},"end":{"line":20,"column":22}},"type":"binary-expr","locations":[{"start":{"line":20,"column":8},"end":{"line":20,"column":22}},{"start":{"line":20,"column":26},"end":{"line":20,"column":46}}]},"2":{"loc":{"start":{"line":20,"column":13},"end":{"line":20,"column":15}},"type":"cond-expr","locations":[{"start":{"line":20,"column":13},"end":{"line":20,"column":15}},{"start":{"line":20,"column":8},"end":{"line":20,"column":22}}]},"3":{"loc":{"start":{"line":20,"column":8},"end":{"line":20,"column":15}},"type":"binary-expr","locations":[{"start":{"line":20,"column":8},"end":{"line":20,"column":15}},{"start":{"line":20,"column":8},"end":{"line":20,"column":15}}]}},"s":{"0":1,"1":1,"2":1,"3":1,"4":1,"5":1,"6":1,"7":1,"8":1,"9":4,"10":2,"11":103,"12":2,"13":2,"14":2,"15":1,"16":1,"17":1,"18":1,"19":1,"20":1,"21":3,"22":1,"23":1},"f":{"0":4,"1":103,"2":2,"3":2,"4":1,"5":1,"6":1,"7":3},"b":{"0":[2,2],"1":[4,3],"2":[1,3],"3":[4,4]}}
,"D:\\dev\\crypto-tracker-backend\\src\\modules\\prices\\controllers\\getCoinPrices.ts": {"path":"D:\\dev\\crypto-tracker-backend\\src\\modules\\prices\\controllers\\getCoinPrices.ts","statementMap":{"0":{"start":{"line":3,"column":0},"end":{"line":3,"column":76}},"1":{"start":{"line":4,"column":0},"end":{"line":4,"column":56}},"2":{"start":{"line":6,"column":13},"end":{"line":18,"column":2}},"3":{"start":{"line":7,"column":49},"end":{"line":7,"column":81}},"4":{"start":{"line":9,"column":2},"end":{"line":15,"column":null}},"5":{"start":{"line":10,"column":4},"end":{"line":13,"column":null}},"6":{"start":{"line":11,"column":42},"end":{"line":11,"column":88}},"7":{"start":{"line":12,"column":6},"end":{"line":12,"column":41}},"8":{"start":{"line":14,"column":4},"end":{"line":14,"column":18}},"9":{"start":{"line":17,"column":2},"end":{"line":17,"column":34}}},"fnMap":{"0":{"name":"(anonymous_0)","decl":{"start":{"line":6,"column":29},"end":{"line":6,"column":34}},"loc":{"start":{"line":6,"column":57},"end":{"line":18,"column":1}}}},"branchMap":{"0":{"loc":{"start":{"line":9,"column":2},"end":{"line":15,"column":null}},"type":"if","locations":[{"start":{"line":9,"column":2},"end":{"line":15,"column":null}},{"start":{"line":9,"column":2},"end":{"line":15,"column":null}}]},"1":{"loc":{"start":{"line":10,"column":4},"end":{"line":13,"column":null}},"type":"if","locations":[{"start":{"line":10,"column":4},"end":{"line":13,"column":null}},{"start":{"line":10,"column":4},"end":{"line":13,"column":null}}]}},"s":{"0":1,"1":1,"2":1,"3":2,"4":2,"5":1,"6":1,"7":1,"8":1,"9":1},"f":{"0":2},"b":{"0":[1,1],"1":[1,0]}}
,"D:\\dev\\crypto-tracker-backend\\src\\modules\\prices\\controllers\\getRankings.ts": {"path":"D:\\dev\\crypto-tracker-backend\\src\\modules\\prices\\controllers\\getRankings.ts","statementMap":{"0":{"start":{"line":1,"column":0},"end":{"line":1,"column":50}},"1":{"start":{"line":4,"column":0},"end":{"line":4,"column":56}},"2":{"start":{"line":6,"column":13},"end":{"line":22,"column":2}},"3":{"start":{"line":7,"column":14},"end":{"line":7,"column":41}},"4":{"start":{"line":8,"column":30},"end":{"line":8,"column":32}},"5":{"start":{"line":10,"column":2},"end":{"line":15,"column":null}},"6":{"start":{"line":11,"column":4},"end":{"line":11,"column":41}},"7":{"start":{"line":13,"column":4},"end":{"line":13,"column":28}},"8":{"start":{"line":14,"column":4},"end":{"line":14,"column":25}},"9":{"start":{"line":17,"column":2},"end":{"line":21,"column":6}},"10":{"start":{"line":17,"column":49},"end":{"line":21,"column":4}}},"fnMap":{"0":{"name":"(anonymous_0)","decl":{"start":{"line":6,"column":27},"end":{"line":6,"column":32}},"loc":{"start":{"line":6,"column":75},"end":{"line":22,"column":1}}},"1":{"name":"(anonymous_1)","decl":{"start":{"line":17,"column":19},"end":{"line":17,"column":20}},"loc":{"start":{"line":17,"column":49},"end":{"line":21,"column":4}}}},"branchMap":{"0":{"loc":{"start":{"line":10,"column":2},"end":{"line":15,"column":null}},"type":"if","locations":[{"start":{"line":10,"column":2},"end":{"line":15,"column":null}},{"start":{"line":10,"column":2},"end":{"line":15,"column":null}}]}},"s":{"0":1,"1":1,"2":1,"3":2,"4":2,"5":2,"6":2,"7":0,"8":0,"9":2,"10":110},"f":{"0":2,"1":110},"b":{"0":[2,0]}}
,"D:\\dev\\crypto-tracker-backend\\src\\modules\\prices\\controllers\\helpers\\fetchCoinPrices.ts": {"path":"D:\\dev\\crypto-tracker-backend\\src\\modules\\prices\\controllers\\helpers\\fetchCoinPrices.ts","statementMap":{"0":{"start":{"line":3,"column":0},"end":{"line":3,"column":52}},"1":{"start":{"line":4,"column":0},"end":{"line":4,"column":26}},"2":{"start":{"line":5,"column":0},"end":{"line":5,"column":20}},"3":{"start":{"line":7,"column":0},"end":{"line":7,"column":53}},"4":{"start":{"line":42,"column":19},"end":{"line":42,"column":21}},"5":{"start":{"line":43,"column":17},"end":{"line":43,"column":24}},"6":{"start":{"line":50,"column":13},"end":{"line":106,"column":2}},"7":{"start":{"line":56,"column":24},"end":{"line":58,"column":8}},"8":{"start":{"line":60,"column":2},"end":{"line":105,"column":null}},"9":{"start":{"line":61,"column":21},"end":{"line":62,"column":null}},"10":{"start":{"line":65,"column":4},"end":{"line":82,"column":null}},"11":{"start":{"line":66,"column":6},"end":{"line":66,"column":29}},"12":{"start":{"line":68,"column":6},"end":{"line":81,"column":17}},"13":{"start":{"line":72,"column":55},"end":{"line":76,"column":14}},"14":{"start":{"line":84,"column":4},"end":{"line":84,"column":24}},"15":{"start":{"line":86,"column":39},"end":{"line":97,"column":7}},"16":{"start":{"line":86,"column":58},"end":{"line":97,"column":7}},"17":{"start":{"line":100,"column":4},"end":{"line":100,"column":90}},"18":{"start":{"line":100,"column":22},"end":{"line":100,"column":90}},"19":{"start":{"line":102,"column":4},"end":{"line":102,"column":22}},"20":{"start":{"line":104,"column":4},"end":{"line":104,"column":55}}},"fnMap":{"0":{"name":"(anonymous_1)","decl":{"start":{"line":50,"column":27},"end":{"line":50,"column":32}},"loc":{"start":{"line":55,"column":37},"end":{"line":106,"column":1}}},"1":{"name":"(anonymous_2)","decl":{"start":{"line":72,"column":21},"end":{"line":72,"column":22}},"loc":{"start":{"line":72,"column":55},"end":{"line":76,"column":14}}},"2":{"name":"(anonymous_3)","decl":{"start":{"line":86,"column":48},"end":{"line":86,"column":49}},"loc":{"start":{"line":86,"column":57},"end":{"line":97,"column":7}}}},"branchMap":{"0":{"loc":{"start":{"line":51,"column":78},"end":{"line":54,"column":null}},"type":"default-arg","locations":[{"start":{"line":51,"column":78},"end":{"line":54,"column":null}}]},"1":{"loc":{"start":{"line":51,"column":14},"end":{"line":51,"column":16}},"type":"default-arg","locations":[{"start":{"line":51,"column":14},"end":{"line":51,"column":16}}]},"2":{"loc":{"start":{"line":51,"column":26},"end":{"line":51,"column":29}},"type":"default-arg","locations":[{"start":{"line":51,"column":26},"end":{"line":51,"column":29}}]},"3":{"loc":{"start":{"line":51,"column":46},"end":{"line":51,"column":51}},"type":"default-arg","locations":[{"start":{"line":51,"column":46},"end":{"line":51,"column":51}}]},"4":{"loc":{"start":{"line":57,"column":6},"end":{"line":57,"column":68}},"type":"cond-expr","locations":[{"start":{"line":57,"column":6},"end":{"line":57,"column":68}},{"start":{"line":58,"column":6},"end":{"line":58,"column":8}}]},"5":{"loc":{"start":{"line":65,"column":4},"end":{"line":82,"column":null}},"type":"if","locations":[{"start":{"line":65,"column":4},"end":{"line":82,"column":null}},{"start":{"line":65,"column":4},"end":{"line":82,"column":null}}]},"6":{"loc":{"start":{"line":94,"column":56},"end":{"line":94,"column":60}},"type":"cond-expr","locations":[{"start":{"line":94,"column":56},"end":{"line":94,"column":60}},{"start":{"line":94,"column":60},"end":{"line":94,"column":61}}]},"7":{"loc":{"start":{"line":94,"column":31},"end":{"line":94,"column":60}},"type":"binary-expr","locations":[{"start":{"line":94,"column":31},"end":{"line":94,"column":60}},{"start":{"line":94,"column":56},"end":{"line":94,"column":60}}]},"8":{"loc":{"start":{"line":94,"column":42},"end":{"line":94,"column":44}},"type":"cond-expr","locations":[{"start":{"line":94,"column":42},"end":{"line":94,"column":44}},{"start":{"line":94,"column":42},"end":{"line":94,"column":56}}]},"9":{"loc":{"start":{"line":94,"column":31},"end":{"line":94,"column":44}},"type":"binary-expr","locations":[{"start":{"line":94,"column":31},"end":{"line":94,"column":44}},{"start":{"line":94,"column":42},"end":{"line":94,"column":44}}]},"10":{"loc":{"start":{"line":95,"column":63},"end":{"line":95,"column":67}},"type":"cond-expr","locations":[{"start":{"line":95,"column":63},"end":{"line":95,"column":67}},{"start":{"line":95,"column":67},"end":{"line":95,"column":68}}]},"11":{"loc":{"start":{"line":95,"column":34},"end":{"line":95,"column":67}},"type":"binary-expr","locations":[{"start":{"line":95,"column":34},"end":{"line":95,"column":67}},{"start":{"line":95,"column":63},"end":{"line":95,"column":67}}]},"12":{"loc":{"start":{"line":95,"column":45},"end":{"line":95,"column":47}},"type":"cond-expr","locations":[{"start":{"line":95,"column":45},"end":{"line":95,"column":47}},{"start":{"line":95,"column":45},"end":{"line":95,"column":63}}]},"13":{"loc":{"start":{"line":95,"column":34},"end":{"line":95,"column":47}},"type":"binary-expr","locations":[{"start":{"line":95,"column":34},"end":{"line":95,"column":47}},{"start":{"line":95,"column":45},"end":{"line":95,"column":47}}]},"14":{"loc":{"start":{"line":96,"column":45},"end":{"line":96,"column":49}},"type":"cond-expr","locations":[{"start":{"line":96,"column":45},"end":{"line":96,"column":49}},{"start":{"line":96,"column":49},"end":{"line":96,"column":50}}]},"15":{"loc":{"start":{"line":96,"column":26},"end":{"line":96,"column":49}},"type":"binary-expr","locations":[{"start":{"line":96,"column":26},"end":{"line":96,"column":49}},{"start":{"line":96,"column":45},"end":{"line":96,"column":49}}]},"16":{"loc":{"start":{"line":96,"column":37},"end":{"line":96,"column":39}},"type":"cond-expr","locations":[{"start":{"line":96,"column":37},"end":{"line":96,"column":39}},{"start":{"line":96,"column":37},"end":{"line":96,"column":45}}]},"17":{"loc":{"start":{"line":96,"column":26},"end":{"line":96,"column":39}},"type":"binary-expr","locations":[{"start":{"line":96,"column":26},"end":{"line":96,"column":39}},{"start":{"line":96,"column":37},"end":{"line":96,"column":39}}]},"18":{"loc":{"start":{"line":100,"column":4},"end":{"line":100,"column":90}},"type":"if","locations":[{"start":{"line":100,"column":4},"end":{"line":100,"column":90}},{"start":{"line":100,"column":4},"end":{"line":100,"column":90}}]}},"s":{"0":1,"1":1,"2":1,"3":1,"4":1,"5":1,"6":1,"7":7,"8":7,"9":7,"10":7,"11":3,"12":4,"13":24376,"14":7,"15":7,"16":413,"17":7,"18":3,"19":7,"20":0},"f":{"0":7,"1":24376,"2":413},"b":{"0":[0],"1":[4],"2":[3],"3":[4],"4":[3,4],"5":[3,4],"6":[413,0],"7":[413,413],"8":[0,413],"9":[413,413],"10":[413,0],"11":[413,413],"12":[0,413],"13":[413,413],"14":[413,0],"15":[413,413],"16":[0,413],"17":[413,413],"18":[3,4]}}
,"D:\\dev\\crypto-tracker-backend\\src\\modules\\prices\\input\\coinIDs.ts": {"path":"D:\\dev\\crypto-tracker-backend\\src\\modules\\prices\\input\\coinIDs.ts","statementMap":{"0":{"start":{"line":1,"column":0},"end":{"line":1,"column":61}},"1":{"start":{"line":2,"column":0},"end":{"line":2,"column":48}},"2":{"start":{"line":4,"column":0},"end":{"line":4,"column":49}},"3":{"start":{"line":7,"column":0},"end":{"line":13,"column":null}},"4":{"start":{"line":12,"column":2},"end":{"line":12,"column":null}},"5":{"start":{"line":8,"column":15},"end":{"line":8,"column":23}},"6":{"start":{"line":7,"column":13},"end":{"line":13,"column":null}},"7":{"start":{"line":7,"column":13},"end":{"line":7,"column":24}}},"fnMap":{"0":{"name":"(anonymous_2)","decl":{"start":{"line":8,"column":9},"end":{"line":8,"column":12}},"loc":{"start":{"line":8,"column":15},"end":{"line":8,"column":23}}}},"branchMap":{},"s":{"0":1,"1":1,"2":1,"3":1,"4":1,"5":4,"6":1,"7":1},"f":{"0":4},"b":{}}
,"D:\\dev\\crypto-tracker-backend\\src\\modules\\prices\\input\\validators\\IsCoinID.ts": {"path":"D:\\dev\\crypto-tracker-backend\\src\\modules\\prices\\input\\validators\\IsCoinID.ts","statementMap":{"0":{"start":{"line":1,"column":0},"end":{"line":1,"column":null}},"1":{"start":{"line":7,"column":0},"end":{"line":7,"column":62}},"2":{"start":{"line":10,"column":0},"end":{"line":19,"column":null}},"3":{"start":{"line":12,"column":4},"end":{"line":17,"column":7}},"4":{"start":{"line":14,"column":6},"end":{"line":14,"column":36}},"5":{"start":{"line":15,"column":6},"end":{"line":15,"column":20}},"6":{"start":{"line":16,"column":6},"end":{"line":16,"column":39}},"7":{"start":{"line":10,"column":13},"end":{"line":19,"column":null}},"8":{"start":{"line":10,"column":13},"end":{"line":10,"column":29}},"9":{"start":{"line":22,"column":18},"end":{"line":22,"column":67}},"10":{"start":{"line":24,"column":37},"end":{"line":24,"column":70}},"11":{"start":{"line":25,"column":2},"end":{"line":33,"column":4}},"12":{"start":{"line":26,"column":4},"end":{"line":32,"column":7}},"13":{"start":{"line":21,"column":0},"end":{"line":21,"column":16}}},"fnMap":{"0":{"name":"(anonymous_1)","decl":{"start":{"line":11,"column":2},"end":{"line":11,"column":7}},"loc":{"start":{"line":11,"column":34},"end":{"line":18,"column":3}}},"1":{"name":"(anonymous_2)","decl":{"start":{"line":12,"column":25},"end":{"line":12,"column":26}},"loc":{"start":{"line":12,"column":42},"end":{"line":17,"column":5}}},"2":{"name":"IsCoinID","decl":{"start":{"line":21,"column":16},"end":{"line":21,"column":24}},"loc":{"start":{"line":21,"column":79},"end":{"line":34,"column":1}}},"3":{"name":"(anonymous_4)","decl":{"start":{"line":25,"column":9},"end":{"line":25,"column":10}},"loc":{"start":{"line":25,"column":50},"end":{"line":33,"column":3}}}},"branchMap":{},"s":{"0":1,"1":1,"2":1,"3":3,"4":7,"5":7,"6":7,"7":1,"8":1,"9":1,"10":1,"11":1,"12":1,"13":1},"f":{"0":3,"1":7,"2":1,"3":1},"b":{}}
,"D:\\dev\\crypto-tracker-backend\\src\\modules\\prices\\publsihers\\pricePublush.ts": {"path":"D:\\dev\\crypto-tracker-backend\\src\\modules\\prices\\publsihers\\pricePublush.ts","statementMap":{"0":{"start":{"line":3,"column":0},"end":{"line":3,"column":66}},"1":{"start":{"line":4,"column":0},"end":{"line":4,"column":69}},"2":{"start":{"line":5,"column":0},"end":{"line":5,"column":50}},"3":{"start":{"line":9,"column":13},"end":{"line":26,"column":2}},"4":{"start":{"line":11,"column":14},"end":{"line":11,"column":41}},"5":{"start":{"line":12,"column":30},"end":{"line":12,"column":32}},"6":{"start":{"line":14,"column":2},"end":{"line":23,"column":null}},"7":{"start":{"line":17,"column":4},"end":{"line":17,"column":66}},"8":{"start":{"line":20,"column":36},"end":{"line":20,"column":51}},"9":{"start":{"line":21,"column":30},"end":{"line":21,"column":79}},"10":{"start":{"line":21,"column":67},"end":{"line":21,"column":78}},"11":{"start":{"line":22,"column":4},"end":{"line":22,"column":63}},"12":{"start":{"line":25,"column":2},"end":{"line":25,"column":34}},"13":{"start":{"line":33,"column":13},"end":{"line":37,"column":2}},"14":{"start":{"line":34,"column":2},"end":{"line":36,"column":20}},"15":{"start":{"line":35,"column":4},"end":{"line":35,"column":28}}},"fnMap":{"0":{"name":"(anonymous_0)","decl":{"start":{"line":9,"column":31},"end":{"line":9,"column":36}},"loc":{"start":{"line":9,"column":61},"end":{"line":26,"column":1}}},"1":{"name":"(anonymous_1)","decl":{"start":{"line":21,"column":57},"end":{"line":21,"column":58}},"loc":{"start":{"line":21,"column":67},"end":{"line":21,"column":78}}},"2":{"name":"(anonymous_2)","decl":{"start":{"line":33,"column":35},"end":{"line":33,"column":40}},"loc":{"start":{"line":33,"column":93},"end":{"line":37,"column":1}}},"3":{"name":"(anonymous_3)","decl":{"start":{"line":34,"column":28},"end":{"line":34,"column":31}},"loc":{"start":{"line":34,"column":33},"end":{"line":36,"column":3}}}},"branchMap":{"0":{"loc":{"start":{"line":14,"column":2},"end":{"line":23,"column":null}},"type":"if","locations":[{"start":{"line":14,"column":2},"end":{"line":23,"column":null}},{"start":{"line":14,"column":2},"end":{"line":23,"column":null}}]},"1":{"loc":{"start":{"line":33,"column":87},"end":{"line":33,"column":89}},"type":"default-arg","locations":[{"start":{"line":33,"column":87},"end":{"line":33,"column":89}}]}},"s":{"0":1,"1":1,"2":1,"3":1,"4":2,"5":2,"6":2,"7":1,"8":1,"9":1,"10":100,"11":1,"12":2,"13":1,"14":1,"15":0},"f":{"0":2,"1":100,"2":1,"3":0},"b":{"0":[1,1],"1":[0]}}
,"D:\\dev\\crypto-tracker-backend\\src\\modules\\prices\\publsihers\\helpers\\getCoinsFromCache.ts": {"path":"D:\\dev\\crypto-tracker-backend\\src\\modules\\prices\\publsihers\\helpers\\getCoinsFromCache.ts","statementMap":{"0":{"start":{"line":1,"column":0},"end":{"line":1,"column":53}},"1":{"start":{"line":4,"column":13},"end":{"line":28,"column":2}},"2":{"start":{"line":5,"column":17},"end":{"line":5,"column":46}},"3":{"start":{"line":7,"column":32},"end":{"line":7,"column":34}},"4":{"start":{"line":9,"column":2},"end":{"line":26,"column":null}},"5":{"start":{"line":10,"column":34},"end":{"line":10,"column":52}},"6":{"start":{"line":12,"column":31},"end":{"line":12,"column":35}},"7":{"start":{"line":14,"column":23},"end":{"line":22,"column":6}},"8":{"start":{"line":15,"column":20},"end":{"line":15,"column":74}},"9":{"start":{"line":15,"column":41},"end":{"line":15,"column":73}},"10":{"start":{"line":16,"column":6},"end":{"line":19,"column":null}},"11":{"start":{"line":17,"column":8},"end":{"line":17,"column":26}},"12":{"start":{"line":18,"column":8},"end":{"line":18,"column":20}},"13":{"start":{"line":20,"column":6},"end":{"line":20,"column":16}},"14":{"start":{"line":21,"column":6},"end":{"line":21,"column":19}},"15":{"start":{"line":24,"column":26},"end":{"line":24,"column":68}},"16":{"start":{"line":25,"column":4},"end":{"line":25,"column":58}},"17":{"start":{"line":27,"column":2},"end":{"line":27,"column":23}}},"fnMap":{"0":{"name":"(anonymous_0)","decl":{"start":{"line":4,"column":33},"end":{"line":4,"column":38}},"loc":{"start":{"line":4,"column":61},"end":{"line":28,"column":1}}},"1":{"name":"(anonymous_1)","decl":{"start":{"line":14,"column":37},"end":{"line":14,"column":38}},"loc":{"start":{"line":14,"column":47},"end":{"line":22,"column":5}}},"2":{"name":"(anonymous_2)","decl":{"start":{"line":15,"column":31},"end":{"line":15,"column":32}},"loc":{"start":{"line":15,"column":41},"end":{"line":15,"column":73}}}},"branchMap":{"0":{"loc":{"start":{"line":9,"column":2},"end":{"line":26,"column":null}},"type":"if","locations":[{"start":{"line":9,"column":2},"end":{"line":26,"column":null}},{"start":{"line":9,"column":2},"end":{"line":26,"column":null}}]},"1":{"loc":{"start":{"line":16,"column":6},"end":{"line":19,"column":null}},"type":"if","locations":[{"start":{"line":16,"column":6},"end":{"line":19,"column":null}},{"start":{"line":16,"column":6},"end":{"line":19,"column":null}}]},"2":{"loc":{"start":{"line":24,"column":40},"end":{"line":24,"column":61}},"type":"cond-expr","locations":[{"start":{"line":24,"column":40},"end":{"line":24,"column":61}},{"start":{"line":24,"column":64},"end":{"line":24,"column":68}}]}},"s":{"0":1,"1":1,"2":2,"3":2,"4":2,"5":1,"6":1,"7":1,"8":3,"9":5,"10":3,"11":2,"12":2,"13":1,"14":1,"15":1,"16":1,"17":1},"f":{"0":2,"1":3,"2":5},"b":{"0":[1,1],"1":[2,1],"2":[1,0]}}
,"D:\\dev\\crypto-tracker-backend\\src\\modules\\prices\\publsihers\\helpers\\pricePublisherInit.ts": {"path":"D:\\dev\\crypto-tracker-backend\\src\\modules\\prices\\publsihers\\helpers\\pricePublisherInit.ts","statementMap":{"0":{"start":{"line":6,"column":13},"end":{"line":29,"column":2}},"1":{"start":{"line":7,"column":14},"end":{"line":7,"column":24}},"2":{"start":{"line":8,"column":21},"end":{"line":15,"column":null}},"3":{"start":{"line":17,"column":15},"end":{"line":17,"column":51}},"4":{"start":{"line":19,"column":15},"end":{"line":22,"column":3}},"5":{"start":{"line":20,"column":4},"end":{"line":20,"column":9}},"6":{"start":{"line":21,"column":4},"end":{"line":21,"column":44}},"7":{"start":{"line":24,"column":2},"end":{"line":28,"column":null}},"8":{"start":{"line":25,"column":4},"end":{"line":25,"column":34}},"9":{"start":{"line":27,"column":4},"end":{"line":27,"column":18}}},"fnMap":{"0":{"name":"(anonymous_0)","decl":{"start":{"line":6,"column":34},"end":{"line":6,"column":35}},"loc":{"start":{"line":6,"column":71},"end":{"line":29,"column":1}}},"1":{"name":"(anonymous_1)","decl":{"start":{"line":19,"column":15},"end":{"line":19,"column":18}},"loc":{"start":{"line":19,"column":20},"end":{"line":22,"column":3}}}},"branchMap":{"0":{"loc":{"start":{"line":24,"column":2},"end":{"line":28,"column":null}},"type":"if","locations":[{"start":{"line":24,"column":2},"end":{"line":28,"column":null}},{"start":{"line":24,"column":2},"end":{"line":28,"column":null}}]}},"s":{"0":2,"1":2,"2":2,"3":2,"4":2,"5":1,"6":1,"7":2,"8":1,"9":1},"f":{"0":2,"1":1},"b":{"0":[1,1]}}
,"D:\\dev\\crypto-tracker-backend\\src\\schemas\\APIkey.ts": {"path":"D:\\dev\\crypto-tracker-backend\\src\\schemas\\APIkey.ts","statementMap":{"0":{"start":{"line":2,"column":0},"end":{"line":2,"column":44}},"1":{"start":{"line":3,"column":0},"end":{"line":3,"column":49}},"2":{"start":{"line":6,"column":0},"end":{"line":12,"column":null}},"3":{"start":{"line":8,"column":2},"end":{"line":8,"column":null}},"4":{"start":{"line":11,"column":2},"end":{"line":11,"column":null}},"5":{"start":{"line":6,"column":13},"end":{"line":12,"column":null}},"6":{"start":{"line":6,"column":13},"end":{"line":6,"column":19}},"7":{"start":{"line":16,"column":2},"end":{"line":16,"column":null}},"8":{"start":{"line":19,"column":2},"end":{"line":19,"column":null}},"9":{"start":{"line":22,"column":2},"end":{"line":22,"column":null}},"10":{"start":{"line":25,"column":2},"end":{"line":25,"column":null}},"11":{"start":{"line":28,"column":2},"end":{"line":28,"column":null}},"12":{"start":{"line":14,"column":0},"end":{"line":14,"column":13}}},"fnMap":{},"branchMap":{},"s":{"0":6,"1":6,"2":6,"3":6,"4":6,"5":6,"6":6,"7":6,"8":6,"9":6,"10":6,"11":6,"12":6},"f":{},"b":{}}
,"D:\\dev\\crypto-tracker-backend\\src\\schemas\\CoinRanking.ts": {"path":"D:\\dev\\crypto-tracker-backend\\src\\schemas\\CoinRanking.ts","statementMap":{"0":{"start":{"line":1,"column":0},"end":{"line":1,"column":49}},"1":{"start":{"line":4,"column":0},"end":{"line":13,"column":null}},"2":{"start":{"line":6,"column":2},"end":{"line":6,"column":null}},"3":{"start":{"line":9,"column":2},"end":{"line":9,"column":null}},"4":{"start":{"line":12,"column":2},"end":{"line":12,"column":null}},"5":{"start":{"line":4,"column":13},"end":{"line":13,"column":null}},"6":{"start":{"line":4,"column":13},"end":{"line":4,"column":24}}},"fnMap":{},"branchMap":{},"s":{"0":1,"1":1,"2":1,"3":1,"4":1,"5":1,"6":1},"f":{},"b":{}}
,"D:\\dev\\crypto-tracker-backend\\src\\schemas\\PricePayload.ts": {"path":"D:\\dev\\crypto-tracker-backend\\src\\schemas\\PricePayload.ts","statementMap":{"0":{"start":{"line":1,"column":0},"end":{"line":1,"column":49}},"1":{"start":{"line":4,"column":0},"end":{"line":34,"column":null}},"2":{"start":{"line":6,"column":2},"end":{"line":6,"column":null}},"3":{"start":{"line":9,"column":2},"end":{"line":9,"column":null}},"4":{"start":{"line":12,"column":2},"end":{"line":12,"column":null}},"5":{"start":{"line":15,"column":2},"end":{"line":15,"column":null}},"6":{"start":{"line":18,"column":2},"end":{"line":18,"column":null}},"7":{"start":{"line":21,"column":2},"end":{"line":21,"column":null}},"8":{"start":{"line":24,"column":2},"end":{"line":24,"column":null}},"9":{"start":{"line":27,"column":2},"end":{"line":27,"column":null}},"10":{"start":{"line":30,"column":2},"end":{"line":30,"column":null}},"11":{"start":{"line":33,"column":2},"end":{"line":33,"column":null}},"12":{"start":{"line":4,"column":13},"end":{"line":34,"column":null}},"13":{"start":{"line":4,"column":13},"end":{"line":4,"column":25}}},"fnMap":{},"branchMap":{},"s":{"0":1,"1":1,"2":1,"3":1,"4":1,"5":1,"6":1,"7":1,"8":1,"9":1,"10":1,"11":1,"12":1,"13":1},"f":{},"b":{}}
,"D:\\dev\\crypto-tracker-backend\\src\\utils\\redisCache.ts": {"path":"D:\\dev\\crypto-tracker-backend\\src\\utils\\redisCache.ts","statementMap":{"0":{"start":{"line":1,"column":0},"end":{"line":1,"column":28}},"1":{"start":{"line":2,"column":13},"end":{"line":3,"column":72}}},"fnMap":{},"branchMap":{"0":{"loc":{"start":{"line":3,"column":36},"end":{"line":3,"column":57}},"type":"cond-expr","locations":[{"start":{"line":3,"column":36},"end":{"line":3,"column":57}},{"start":{"line":3,"column":60},"end":{"line":3,"column":71}}]}},"s":{"0":4,"1":4},"f":{},"b":{"0":[4,0]}}
,"D:\\dev\\crypto-tracker-backend\\src\\utils\\redisPubSub.ts": {"path":"D:\\dev\\crypto-tracker-backend\\src\\utils\\redisPubSub.ts","statementMap":{"0":{"start":{"line":1,"column":0},"end":{"line":1,"column":58}},"1":{"start":{"line":2,"column":0},"end":{"line":2,"column":28}},"2":{"start":{"line":4,"column":36},"end":{"line":6,"column":2}},"3":{"start":{"line":5,"column":28},"end":{"line":5,"column":55}},"4":{"start":{"line":8,"column":13},"end":{"line":11,"column":3}}},"fnMap":{"0":{"name":"(anonymous_1)","decl":{"start":{"line":5,"column":17},"end":{"line":5,"column":18}},"loc":{"start":{"line":5,"column":28},"end":{"line":5,"column":55}}}},"branchMap":{},"s":{"0":1,"1":1,"2":1,"3":0,"4":1},"f":{"0":0},"b":{}}
,"D:\\dev\\crypto-tracker-backend\\src\\utils\\testing\\getTestingToken.ts": {"path":"D:\\dev\\crypto-tracker-backend\\src\\utils\\testing\\getTestingToken.ts","statementMap":{"0":{"start":{"line":1,"column":0},"end":{"line":1,"column":32}},"1":{"start":{"line":2,"column":0},"end":{"line":2,"column":26}},"2":{"start":{"line":4,"column":0},"end":{"line":4,"column":9}},"3":{"start":{"line":6,"column":13},"end":{"line":22,"column":2}},"4":{"start":{"line":7,"column":14},"end":{"line":7,"column":63}},"5":{"start":{"line":8,"column":15},"end":{"line":8,"column":187}},"6":{"start":{"line":9,"column":18},"end":{"line":11,"column":4}},"7":{"start":{"line":15,"column":6},"end":{"line":18,"column":null}},"8":{"start":{"line":21,"column":2},"end":{"line":21,"column":22}},"9":{"start":{"line":24,"column":13},"end":{"line":27,"column":2}},"10":{"start":{"line":26,"column":2},"end":{"line":26,"column":167}}},"fnMap":{"0":{"name":"(anonymous_1)","decl":{"start":{"line":6,"column":31},"end":{"line":6,"column":36}},"loc":{"start":{"line":6,"column":42},"end":{"line":22,"column":1}}},"1":{"name":"(anonymous_2)","decl":{"start":{"line":24,"column":38},"end":{"line":24,"column":41}},"loc":{"start":{"line":24,"column":43},"end":{"line":27,"column":1}}}},"branchMap":{},"s":{"0":4,"1":4,"2":4,"3":4,"4":7,"5":7,"6":7,"7":7,"8":7,"9":4,"10":3},"f":{"0":7,"1":3},"b":{}}
,"D:\\dev\\crypto-tracker-backend\\src\\utils\\testing\\initializeServer.ts": {"path":"D:\\dev\\crypto-tracker-backend\\src\\utils\\testing\\initializeServer.ts","statementMap":{"0":{"start":{"line":1,"column":0},"end":{"line":1,"column":53}},"1":{"start":{"line":2,"column":0},"end":{"line":2,"column":43}},"2":{"start":{"line":3,"column":0},"end":{"line":3,"column":78}},"3":{"start":{"line":5,"column":13},"end":{"line":22,"column":2}},"4":{"start":{"line":9,"column":17},"end":{"line":12,"column":4}},"5":{"start":{"line":14,"column":2},"end":{"line":21,"column":5}},"6":{"start":{"line":16,"column":32},"end":{"line":20,"column":6}}},"fnMap":{"0":{"name":"(anonymous_0)","decl":{"start":{"line":5,"column":39},"end":{"line":5,"column":44}},"loc":{"start":{"line":8,"column":27},"end":{"line":22,"column":1}}},"1":{"name":"(anonymous_1)","decl":{"start":{"line":16,"column":13},"end":{"line":16,"column":14}},"loc":{"start":{"line":16,"column":32},"end":{"line":20,"column":6}}}},"branchMap":{},"s":{"0":1,"1":1,"2":1,"3":1,"4":7,"5":7,"6":8},"f":{"0":7,"1":8},"b":{}}
}
