TN:
SF:src\config\DbConfig.ts
FN:3,(anonymous_0)
FN:8,(anonymous_1)
FNF:2
FNH:2
FNDA:6,(anonymous_0)
FNDA:6,(anonymous_1)
DA:3,6
DA:4,6
DA:5,6
DA:8,6
DA:9,6
LF:5
LH:5
BRDA:3,0,0,6
BRDA:3,0,1,6
BRDA:8,1,0,6
BRDA:8,1,1,6
BRF:4
BRH:4
end_of_record
TN:
SF:src\config\RedisConfig.ts
FN:1,(anonymous_0)
FNF:1
FNH:1
FNDA:2,(anonymous_0)
DA:1,2
DA:2,2
DA:3,2
DA:4,2
LF:4
LH:4
BRDA:1,0,0,2
BRDA:1,0,1,2
BRF:2
BRH:2
end_of_record
TN:
SF:src\config\coinIDsConfig.ts
FNF:0
FNH:0
DA:1,1
LF:1
LH:1
BRF:0
BRH:0
end_of_record
TN:
SF:src\models\Key.ts
FNF:0
FNH:0
DA:1,6
DA:2,6
DA:3,6
DA:5,6
LF:4
LH:4
BRF:0
BRH:0
end_of_record
TN:
SF:src\modules\apiKey\APIKey.ts
FN:11,(anonymous_4)
FN:16,(anonymous_5)
FN:9,(anonymous_6)
FN:15,(anonymous_7)
FNF:4
FNH:4
FNDA:8,(anonymous_4)
FNDA:2,(anonymous_5)
FNDA:8,(anonymous_6)
FNDA:8,(anonymous_7)
DA:1,2
DA:2,2
DA:4,2
DA:5,2
DA:8,2
DA:9,8
DA:11,2
DA:12,8
DA:15,8
DA:16,2
DA:17,2
LF:11
LH:11
BRF:0
BRH:0
end_of_record
TN:
SF:src\modules\apiKey\controllers\getAPIKey.ts
FN:9,(anonymous_0)
FNF:1
FNH:1
FNDA:14,(anonymous_0)
DA:1,4
DA:3,4
DA:5,4
DA:7,4
DA:9,4
DA:10,14
DA:12,14
DA:13,14
DA:15,14
DA:16,7
DA:17,7
DA:18,7
DA:21,7
DA:22,7
DA:23,7
DA:25,0
LF:16
LH:15
BRDA:15,0,0,7
BRDA:15,0,1,7
BRF:2
BRH:2
end_of_record
TN:
SF:src\modules\apiKey\controllers\refreshAPIKey.ts
FN:8,(anonymous_0)
FNF:1
FNH:1
FNDA:4,(anonymous_0)
DA:1,3
DA:2,3
DA:4,3
DA:6,3
DA:8,3
DA:9,4
DA:11,4
DA:12,4
DA:14,4
DA:15,2
DA:18,2
DA:20,2
DA:22,2
DA:23,2
DA:25,0
DA:28,2
DA:30,2
LF:17
LH:16
BRDA:14,0,0,2
BRDA:14,0,1,2
BRF:2
BRH:2
end_of_record
TN:
SF:src\modules\apiKey\controllers\helpers\keyFunctions.ts
FN:19,(anonymous_0)
FN:40,(anonymous_1)
FN:52,(anonymous_2)
FNF:3
FNH:3
FNDA:14,(anonymous_0)
FNDA:12,(anonymous_1)
FNDA:15,(anonymous_2)
DA:1,7
DA:2,7
DA:3,7
DA:4,7
DA:6,7
DA:9,7
DA:19,7
DA:20,14
DA:21,14
DA:22,14
DA:26,14
DA:27,14
DA:29,14
DA:30,14
DA:32,14
DA:34,14
DA:35,14
DA:37,14
DA:40,7
DA:41,12
DA:42,12
DA:43,12
DA:44,12
DA:46,12
DA:48,0
DA:52,7
DA:53,15
DA:58,15
DA:59,15
DA:61,15
LF:30
LH:29
BRF:0
BRH:0
end_of_record
TN:
SF:src\modules\apiKey\middleware\checkAPIKey.ts
FN:8,(anonymous_0)
FN:20,(anonymous_1)
FN:20,(anonymous_2)
FNF:3
FNH:3
FNDA:8,(anonymous_0)
FNDA:5,(anonymous_1)
FNDA:6,(anonymous_2)
DA:1,3
DA:5,3
DA:6,3
DA:8,3
DA:9,8
DA:11,8
DA:13,8
DA:15,7
DA:17,7
DA:20,5
DA:21,6
DA:23,6
DA:24,1
DA:26,5
DA:27,3
LF:15
LH:15
BRDA:13,0,0,1
BRDA:13,0,1,7
BRDA:17,1,0,1
BRDA:17,1,1,6
BRDA:23,2,0,1
BRDA:23,2,1,5
BRF:6
BRH:6
end_of_record
TN:
SF:src\modules\auth\jwt\getTokenUserID.ts
FN:6,(anonymous_0)
FNF:1
FNH:1
FNDA:21,(anonymous_0)
DA:1,7
DA:6,7
DA:7,21
DA:9,21
LF:4
LH:4
BRF:0
BRH:0
end_of_record
TN:
SF:src\modules\auth\middleware\authChecker.ts
FN:26,(anonymous_1)
FN:40,(anonymous_2)
FN:47,(anonymous_3)
FNF:3
FNH:3
FNDA:11,(anonymous_1)
FNDA:10,(anonymous_2)
FNDA:10,(anonymous_3)
DA:2,3
DA:3,3
DA:4,3
DA:26,3
DA:27,11
DA:28,10
DA:35,10
DA:37,10
DA:39,10
DA:40,10
DA:47,10
DA:48,10
DA:49,2
DA:51,10
DA:52,8
DA:56,8
DA:58,8
DA:63,0
DA:66,8
DA:68,2
LF:20
LH:19
BRDA:27,0,0,1
BRDA:27,0,1,10
BRDA:48,1,0,2
BRDA:48,1,1,8
BRDA:48,2,0,10
BRDA:48,2,1,10
BRDA:49,3,0,0
BRDA:49,3,1,2
BRDA:49,4,0,2
BRDA:49,4,1,0
BRDA:58,5,0,0
BRDA:58,5,1,8
BRDA:59,6,0,8
BRDA:59,6,1,8
BRDA:59,6,2,8
BRDA:60,7,0,8
BRDA:60,7,1,8
BRDA:61,8,0,8
BRDA:61,8,1,8
BRF:19
BRH:16
end_of_record
TN:
SF:src\modules\auth\middleware\rateLimit.ts
FN:10,(anonymous_0)
FN:10,(anonymous_1)
FN:27,(anonymous_2)
FN:27,(anonymous_3)
FNF:4
FNH:4
FNDA:3,(anonymous_0)
FNDA:6,(anonymous_1)
FNDA:1,(anonymous_2)
FNDA:4,(anonymous_3)
DA:3,2
DA:5,2
DA:7,2
DA:8,2
DA:10,3
DA:14,6
DA:15,2
DA:17,2
DA:18,1
DA:19,1
DA:20,1
DA:24,5
DA:27,2
DA:31,4
DA:33,1
DA:34,1
DA:36,3
DA:39,4
DA:40,4
DA:42,4
DA:43,2
DA:44,2
DA:45,1
DA:48,2
LF:24
LH:24
BRDA:14,0,0,2
BRDA:14,0,1,4
BRDA:17,1,0,1
BRDA:17,1,1,1
BRDA:19,2,0,1
BRDA:19,2,1,0
BRDA:31,3,0,1
BRDA:31,3,1,3
BRDA:42,4,0,2
BRDA:42,4,1,2
BRDA:44,5,0,1
BRDA:44,5,1,1
BRF:12
BRH:11
end_of_record
TN:
SF:src\modules\prices\prices.ts
FN:16,(anonymous_4)
FN:21,(anonymous_5)
FN:28,(anonymous_6)
FN:35,(anonymous_7)
FN:12,(anonymous_8)
FN:26,(anonymous_9)
FN:32,(anonymous_10)
FN:36,(anonymous_11)
FNF:8
FNH:8
FNDA:4,(anonymous_4)
FNDA:103,(anonymous_5)
FNDA:2,(anonymous_6)
FNDA:2,(anonymous_7)
FNDA:1,(anonymous_8)
FNDA:1,(anonymous_9)
FNDA:1,(anonymous_10)
FNDA:3,(anonymous_11)
DA:1,1
DA:2,1
DA:3,1
DA:4,1
DA:5,1
DA:6,1
DA:7,1
DA:8,1
DA:11,1
DA:12,1
DA:16,1
DA:20,4
DA:21,103
DA:23,2
DA:26,1
DA:28,1
DA:29,2
DA:32,1
DA:35,1
DA:36,3
DA:38,2
LF:21
LH:21
BRDA:20,0,0,2
BRDA:20,0,1,2
BRDA:20,1,0,4
BRDA:20,1,1,3
BRDA:20,2,0,1
BRDA:20,2,1,3
BRDA:20,3,0,4
BRDA:20,3,1,4
BRF:8
BRH:8
end_of_record
TN:
SF:src\modules\prices\controllers\getCoinPrices.ts
FN:6,(anonymous_0)
FNF:1
FNH:1
FNDA:2,(anonymous_0)
DA:3,1
DA:4,1
DA:6,1
DA:7,2
DA:9,2
DA:10,1
DA:11,1
DA:12,1
DA:14,1
DA:17,1
LF:10
LH:10
BRDA:9,0,0,1
BRDA:9,0,1,1
BRDA:10,1,0,1
BRDA:10,1,1,0
BRF:4
BRH:3
end_of_record
TN:
SF:src\modules\prices\controllers\getRankings.ts
FN:6,(anonymous_0)
FN:17,(anonymous_1)
FNF:2
FNH:2
FNDA:2,(anonymous_0)
FNDA:110,(anonymous_1)
DA:1,1
DA:4,1
DA:6,1
DA:7,2
DA:8,2
DA:10,2
DA:11,2
DA:13,0
DA:14,0
DA:17,110
LF:10
LH:8
BRDA:10,0,0,2
BRDA:10,0,1,0
BRF:2
BRH:1
end_of_record
TN:
SF:src\modules\prices\controllers\helpers\fetchCoinPrices.ts
FN:50,(anonymous_1)
FN:72,(anonymous_2)
FN:86,(anonymous_3)
FNF:3
FNH:3
FNDA:7,(anonymous_1)
FNDA:24376,(anonymous_2)
FNDA:413,(anonymous_3)
DA:3,1
DA:4,1
DA:5,1
DA:7,1
DA:42,1
DA:43,1
DA:50,1
DA:56,7
DA:60,7
DA:61,7
DA:65,7
DA:66,3
DA:68,4
DA:72,24376
DA:84,7
DA:86,413
DA:100,7
DA:102,7
DA:104,0
LF:19
LH:18
BRDA:51,0,0,0
BRDA:51,1,0,4
BRDA:51,2,0,3
BRDA:51,3,0,4
BRDA:57,4,0,3
BRDA:57,4,1,4
BRDA:65,5,0,3
BRDA:65,5,1,4
BRDA:94,6,0,413
BRDA:94,6,1,0
BRDA:94,7,0,413
BRDA:94,7,1,413
BRDA:94,8,0,0
BRDA:94,8,1,413
BRDA:94,9,0,413
BRDA:94,9,1,413
BRDA:95,10,0,413
BRDA:95,10,1,0
BRDA:95,11,0,413
BRDA:95,11,1,413
BRDA:95,12,0,0
BRDA:95,12,1,413
BRDA:95,13,0,413
BRDA:95,13,1,413
BRDA:96,14,0,413
BRDA:96,14,1,0
BRDA:96,15,0,413
BRDA:96,15,1,413
BRDA:96,16,0,0
BRDA:96,16,1,413
BRDA:96,17,0,413
BRDA:96,17,1,413
BRDA:100,18,0,3
BRDA:100,18,1,4
BRF:34
BRH:27
end_of_record
TN:
SF:src\modules\prices\input\coinIDs.ts
FN:8,(anonymous_2)
FNF:1
FNH:1
FNDA:4,(anonymous_2)
DA:1,1
DA:2,1
DA:4,1
DA:7,1
DA:8,4
DA:12,1
LF:6
LH:6
BRF:0
BRH:0
end_of_record
TN:
SF:src\modules\prices\input\validators\IsCoinID.ts
FN:11,(anonymous_1)
FN:12,(anonymous_2)
FN:21,IsCoinID
FN:25,(anonymous_4)
FNF:4
FNH:4
FNDA:3,(anonymous_1)
FNDA:7,(anonymous_2)
FNDA:1,IsCoinID
FNDA:1,(anonymous_4)
DA:1,1
DA:7,1
DA:10,1
DA:12,3
DA:14,7
DA:15,7
DA:16,7
DA:21,1
DA:22,1
DA:24,1
DA:25,1
DA:26,1
LF:12
LH:12
BRF:0
BRH:0
end_of_record
TN:
SF:src\modules\prices\publsihers\pricePublush.ts
FN:9,(anonymous_0)
FN:21,(anonymous_1)
FN:33,(anonymous_2)
FN:34,(anonymous_3)
FNF:4
FNH:3
FNDA:2,(anonymous_0)
FNDA:100,(anonymous_1)
FNDA:1,(anonymous_2)
FNDA:0,(anonymous_3)
DA:3,1
DA:4,1
DA:5,1
DA:9,1
DA:11,2
DA:12,2
DA:14,2
DA:17,1
DA:20,1
DA:21,100
DA:22,1
DA:25,2
DA:33,1
DA:34,1
DA:35,0
LF:15
LH:14
BRDA:14,0,0,1
BRDA:14,0,1,1
BRDA:33,1,0,0
BRF:3
BRH:2
end_of_record
TN:
SF:src\modules\prices\publsihers\helpers\getCoinsFromCache.ts
FN:4,(anonymous_0)
FN:14,(anonymous_1)
FN:15,(anonymous_2)
FNF:3
FNH:3
FNDA:2,(anonymous_0)
FNDA:3,(anonymous_1)
FNDA:5,(anonymous_2)
DA:1,1
DA:4,1
DA:5,2
DA:7,2
DA:9,2
DA:10,1
DA:12,1
DA:14,1
DA:15,5
DA:16,3
DA:17,2
DA:18,2
DA:20,1
DA:21,1
DA:24,1
DA:25,1
DA:27,1
LF:17
LH:17
BRDA:9,0,0,1
BRDA:9,0,1,1
BRDA:16,1,0,2
BRDA:16,1,1,1
BRDA:24,2,0,1
BRDA:24,2,1,0
BRF:6
BRH:5
end_of_record
TN:
SF:src\modules\prices\publsihers\helpers\pricePublisherInit.ts
FN:6,(anonymous_0)
FN:19,(anonymous_1)
FNF:2
FNH:2
FNDA:2,(anonymous_0)
FNDA:1,(anonymous_1)
DA:6,2
DA:7,2
DA:8,2
DA:17,2
DA:19,2
DA:20,1
DA:21,1
DA:24,2
DA:25,1
DA:27,1
LF:10
LH:10
BRDA:24,0,0,1
BRDA:24,0,1,1
BRF:2
BRH:2
end_of_record
TN:
SF:src\schemas\APIkey.ts
FNF:0
FNH:0
DA:2,6
DA:3,6
DA:6,6
DA:8,6
DA:11,6
DA:14,6
DA:16,6
DA:19,6
DA:22,6
DA:25,6
DA:28,6
LF:11
LH:11
BRF:0
BRH:0
end_of_record
TN:
SF:src\schemas\CoinRanking.ts
FNF:0
FNH:0
DA:1,1
DA:4,1
DA:6,1
DA:9,1
DA:12,1
LF:5
LH:5
BRF:0
BRH:0
end_of_record
TN:
SF:src\schemas\PricePayload.ts
FNF:0
FNH:0
DA:1,1
DA:4,1
DA:6,1
DA:9,1
DA:12,1
DA:15,1
DA:18,1
DA:21,1
DA:24,1
DA:27,1
DA:30,1
DA:33,1
LF:12
LH:12
BRF:0
BRH:0
end_of_record
TN:
SF:src\utils\redisCache.ts
FNF:0
FNH:0
DA:1,4
DA:2,4
LF:2
LH:2
BRDA:3,0,0,4
BRDA:3,0,1,0
BRF:2
BRH:1
end_of_record
TN:
SF:src\utils\redisPubSub.ts
FN:5,(anonymous_1)
FNF:1
FNH:0
FNDA:0,(anonymous_1)
DA:1,1
DA:2,1
DA:4,1
DA:5,0
DA:8,1
LF:5
LH:4
BRF:0
BRH:0
end_of_record
TN:
SF:src\utils\testing\getTestingToken.ts
FN:6,(anonymous_1)
FN:24,(anonymous_2)
FNF:2
FNH:2
FNDA:7,(anonymous_1)
FNDA:3,(anonymous_2)
DA:1,4
DA:2,4
DA:4,4
DA:6,4
DA:7,7
DA:8,7
DA:9,7
DA:15,7
DA:21,7
DA:24,4
DA:26,3
LF:11
LH:11
BRF:0
BRH:0
end_of_record
TN:
SF:src\utils\testing\initializeServer.ts
FN:5,(anonymous_0)
FN:16,(anonymous_1)
FNF:2
FNH:2
FNDA:7,(anonymous_0)
FNDA:8,(anonymous_1)
DA:1,1
DA:2,1
DA:3,1
DA:5,1
DA:9,7
DA:14,7
DA:16,8
LF:7
LH:7
BRF:0
BRH:0
end_of_record
